<?xml version="1.0" encoding="UTF-8"?>
<testsuite xmlns:xsi="http://www.w3.org/2001/XMLSchema-instance" xsi:noNamespaceSchemaLocation="https://maven.apache.org/surefire/maven-surefire-plugin/xsd/surefire-test-report-3.0.xsd" version="3.0" name="LibraryTest" time="0.101" tests="2" errors="0" skipped="0" failures="0">
  <properties>
[...]
</properties>
  <testcase name="testCheckoutBooks" classname="LibraryTest" time="0.075">
    <system-out><![CDATA[Invalid quantity. Please try again.

Checkout Summary:
Book: Book1 by Author1
Quantity: 5
Due Date: Thu Dec 21 23:16:31 ECT 2023
Late Fee: $14.0

Checkout Summary:
Book: Book2 by Author2
Quantity: 8
Due Date: Thu Dec 21 23:16:31 ECT 2023
Late Fee: $14.0

Total Late Fees: $28.0
]]></system-out>
  </testcase>
  <testcase name="testReturnBooks" classname="LibraryTest" time="0.003">
    <system-out><![CDATA[
Return Summary:
Book: Book1 by Author1
Returned Quantity: 2
Late Fee for returned book: $19685.0

Return Summary:
Book: Book1 by Author1
Returned Quantity: 2
Late Fee for returned book: $19685.0
Book '2' not found in the catalog. Please try again.

Total Late Fees for all returned books: $39370.0
]]></system-out>
  </testcase>
</testsuite>